<?xml version="1.0" encoding="UTF-8"?>
<robot generator="Robot 2.7.1 (Jython 2.5.2 on java1.6.0_37)" generated="20121130 09:47:21.089">
<suite source="D:\administrateur\Desktop\testresult.txt" id="s1" name="Testresult">
<metadata>
</metadata>
<test id="s1-t1" timeout="" name="Test 0">
<kw type="kw" timeout="" name="result.Start">
<doc/>
<arguments>
<arg>"C:\\Program Files (x86)\\Mozilla Firefox\\firefox.exe"</arg>
</arguments>
<msg timestamp="20121130 09:47:22.341" level="TRACE">Arguments: [ u'"C:\\Program Files (x86)\\Mozilla Firefox\\firefox.exe"' ]</msg>
<msg timestamp="20121130 09:47:24.351" level="INFO">[log] App.open C:\Program Files (x86)\Mozilla Firefox\firefox.exe(1604)</msg>
<msg timestamp="20121130 09:47:24.355" level="TRACE">Return: None</msg>
<status status="PASS" starttime="20121130 09:47:22.339" endtime="20121130 09:47:24.352"/>
</kw>
<kw type="kw" timeout="" name="result.New Onglet">
<doc/>
<arguments>
</arguments>
<msg timestamp="20121130 09:47:24.360" level="TRACE">Arguments: [  ]</msg>
<msg timestamp="20121130 09:47:25.469" level="INFO">[log] Ctrl+TYPE "t"</msg>
<msg timestamp="20121130 09:47:25.474" level="TRACE">Return: None</msg>
<status status="PASS" starttime="20121130 09:47:24.358" endtime="20121130 09:47:25.472"/>
</kw>
<kw type="kw" timeout="" name="result.Wait">
<doc/>
<arguments>
<arg>3</arg>
</arguments>
<msg timestamp="20121130 09:47:25.510" level="TRACE">Arguments: [ u'3' ]</msg>
<msg timestamp="20121130 09:47:28.513" level="TRACE">Return: None</msg>
<status status="PASS" starttime="20121130 09:47:25.494" endtime="20121130 09:47:28.512"/>
</kw>
<kw type="kw" timeout="" name="result.Paste">
<doc/>
<arguments>
<arg>"sample"</arg>
</arguments>
<msg timestamp="20121130 09:47:28.517" level="TRACE">Arguments: [ u'"sample"' ]</msg>
<msg timestamp="20121130 09:47:28.716" level="TRACE">Return: None</msg>
<status status="PASS" starttime="20121130 09:47:28.515" endtime="20121130 09:47:28.715"/>
</kw>
<kw type="kw" timeout="" name="result.Enter">
<doc/>
<arguments>
</arguments>
<msg timestamp="20121130 09:47:28.719" level="TRACE">Arguments: [  ]</msg>
<msg timestamp="20121130 09:47:28.745" level="TRACE">Return: None</msg>
<status status="PASS" starttime="20121130 09:47:28.718" endtime="20121130 09:47:28.744"/>
</kw>
<kw type="kw" timeout="" name="result.Wait">
<doc/>
<arguments>
<arg>3</arg>
</arguments>
<msg timestamp="20121130 09:47:28.749" level="TRACE">Arguments: [ u'3' ]</msg>
<msg timestamp="20121130 09:47:31.753" level="TRACE">Return: None</msg>
<status status="PASS" starttime="20121130 09:47:28.748" endtime="20121130 09:47:31.750"/>
</kw>
<kw type="kw" timeout="" name="result.Click To">
<doc/>
<arguments>
<arg>"sample_link.png"</arg>
</arguments>
<msg timestamp="20121130 09:47:31.757" level="TRACE">Arguments: [ u'"sample_link.png"' ]</msg>
<msg timestamp="20121130 09:47:34.271" level="INFO">[log] CLICK on (255,260)</msg>
<msg timestamp="20121130 09:47:34.273" level="TRACE">Return: None</msg>
<status status="PASS" starttime="20121130 09:47:31.756" endtime="20121130 09:47:34.272"/>
</kw>
<kw type="kw" timeout="" name="result.Wait">
<doc/>
<arguments>
<arg>5</arg>
</arguments>
<msg timestamp="20121130 09:47:34.276" level="TRACE">Arguments: [ u'5' ]</msg>
<msg timestamp="20121130 09:47:39.282" level="TRACE">Return: None</msg>
<status status="PASS" starttime="20121130 09:47:34.275" endtime="20121130 09:47:39.278"/>
</kw>
<kw type="kw" timeout="" name="result.Capture">
<doc/>
<arguments>
<arg>"C:\\Users\\Administrateur\\Dropbox\\Moi\\DEVSimPY\\devsimpy\\result"</arg>
</arguments>
<msg timestamp="20121130 09:47:39.289" level="TRACE">Arguments: [ u'"C:\\Users\\Administrateur\\Dropbox\\Moi\\DEVSimPY\\devsimpy\\result"' ]</msg>
<msg timestamp="20121130 09:47:39.939" level="INFO">1 fichier(s) copi�(s).</msg>
<msg timestamp="20121130 09:47:39.944" level="TRACE">Return: None</msg>
<status status="PASS" starttime="20121130 09:47:39.285" endtime="20121130 09:47:39.943"/>
</kw>
<kw type="kw" timeout="" name="result.Close App">
<doc/>
<arguments>
<arg>"C:\\Program Files (x86)\\Mozilla Firefox\\firefox.exe"</arg>
</arguments>
<msg timestamp="20121130 09:47:39.952" level="TRACE">Arguments: [ u'"C:\\Program Files (x86)\\Mozilla Firefox\\firefox.exe"' ]</msg>
<msg timestamp="20121130 09:47:39.954" level="INFO">[log] App.close C:\Program Files (x86)\Mozilla Firefox\firefox.exe(1604)</msg>
<msg timestamp="20121130 09:47:39.957" level="TRACE">Return: None</msg>
<status status="PASS" starttime="20121130 09:47:39.949" endtime="20121130 09:47:39.955"/>
</kw>
<doc/>
<tags>
</tags>
<status status="PASS" starttime="20121130 09:47:22.336" endtime="20121130 09:47:39.961" critical="yes"/>
</test>
<doc/>
<status status="PASS" starttime="20121130 09:47:21.094" endtime="20121130 09:47:39.969"/>
</suite>
<statistics>
<total>
<stat pass="1" fail="0">Critical Tests</stat>
<stat pass="1" fail="0">All Tests</stat>
</total>
<tag>
</tag>
<suite>
<stat pass="1" id="s1" fail="0" name="Testresult">Testresult</stat>
</suite>
</statistics>
<errors>
</errors>
</robot>
